<?xml version="1.0" encoding="UTF-8"?>
<testsuite name="RaceCounterTest" tests="3" skipped="0" failures="0" errors="0" timestamp="2024-11-11T17:28:46" hostname="SANTIMSI" time="0.293">
  <properties/>
  <testcase name="startCounter_threadsRunning_2008()" classname="RaceCounterTest" time="0.267"/>
  <testcase name="getCounter_2000Threads_2000()" classname="RaceCounterTest" time="0.021"/>
  <testcase name="counter_isAtomicInteger()" classname="RaceCounterTest" time="0.001"/>
  <system-out><![CDATA[]]></system-out>
  <system-err><![CDATA[]]></system-err>
</testsuite>
